TN:
SF:controllers\auth.controller.js
FN:27,(anonymous_0)
FN:126,(anonymous_1)
FN:221,(anonymous_2)
FN:269,(anonymous_3)
FN:328,(anonymous_4)
FNF:5
FNH:0
FNDA:0,(anonymous_0)
FNDA:0,(anonymous_1)
FNDA:0,(anonymous_2)
FNDA:0,(anonymous_3)
FNDA:0,(anonymous_4)
DA:12,1
DA:16,1
DA:27,1
DA:28,0
DA:31,0
DA:35,0
DA:36,0
DA:44,0
DA:45,0
DA:46,0
DA:53,0
DA:54,0
DA:61,0
DA:63,0
DA:64,0
DA:71,0
DA:82,0
DA:90,0
DA:91,0
DA:95,0
DA:107,0
DA:109,0
DA:126,1
DA:127,0
DA:129,0
DA:132,0
DA:133,0
DA:143,0
DA:148,0
DA:152,0
DA:160,0
DA:161,0
DA:171,0
DA:174,0
DA:175,0
DA:182,0
DA:189,0
DA:190,0
DA:193,0
DA:203,0
DA:204,0
DA:221,1
DA:222,0
DA:227,0
DA:234,0
DA:235,0
DA:242,0
DA:250,0
DA:251,0
DA:269,1
DA:270,0
DA:273,0
DA:276,0
DA:278,0
DA:279,0
DA:288,0
DA:289,0
DA:290,0
DA:291,0
DA:295,0
DA:300,0
DA:309,0
DA:310,0
DA:328,1
DA:329,0
DA:331,0
DA:334,0
DA:335,0
DA:342,0
DA:343,0
DA:351,0
DA:353,0
DA:354,0
DA:362,0
DA:364,0
DA:365,0
DA:374,0
DA:375,0
DA:378,0
DA:384,0
DA:385,0
DA:396,1
LF:82
LH:8
BRDA:35,0,0,0
BRDA:35,0,1,0
BRDA:35,1,0,0
BRDA:35,1,1,0
BRDA:45,2,0,0
BRDA:45,2,1,0
BRDA:53,3,0,0
BRDA:53,3,1,0
BRDA:63,4,0,0
BRDA:63,4,1,0
BRDA:72,5,0,0
BRDA:72,5,1,0
BRDA:75,6,0,0
BRDA:75,6,1,0
BRDA:76,7,0,0
BRDA:76,7,1,0
BRDA:132,8,0,0
BRDA:132,8,1,0
BRDA:132,9,0,0
BRDA:132,9,1,0
BRDA:148,10,0,0
BRDA:148,10,1,0
BRDA:160,11,0,0
BRDA:160,11,1,0
BRDA:174,12,0,0
BRDA:174,12,1,0
BRDA:234,13,0,0
BRDA:234,13,1,0
BRDA:278,14,0,0
BRDA:278,14,1,0
BRDA:288,15,0,0
BRDA:288,15,1,0
BRDA:289,16,0,0
BRDA:289,16,1,0
BRDA:290,17,0,0
BRDA:290,17,1,0
BRDA:291,18,0,0
BRDA:291,18,1,0
BRDA:334,19,0,0
BRDA:334,19,1,0
BRDA:334,20,0,0
BRDA:334,20,1,0
BRDA:342,21,0,0
BRDA:342,21,1,0
BRDA:353,22,0,0
BRDA:353,22,1,0
BRDA:364,23,0,0
BRDA:364,23,1,0
BRF:48
BRH:0
end_of_record
TN:
SF:controllers\carrito.controller.js
FN:32,(anonymous_0)
FN:71,(anonymous_1)
FN:85,(anonymous_2)
FN:109,(anonymous_3)
FN:251,(anonymous_4)
FN:328,(anonymous_5)
FN:373,(anonymous_6)
FNF:7
FNH:0
FNDA:0,(anonymous_0)
FNDA:0,(anonymous_1)
FNDA:0,(anonymous_2)
FNDA:0,(anonymous_3)
FNDA:0,(anonymous_4)
FNDA:0,(anonymous_5)
FNDA:0,(anonymous_6)
DA:12,1
DA:16,1
DA:20,1
DA:24,1
DA:32,1
DA:33,0
DA:36,0
DA:69,0
DA:71,0
DA:73,0
DA:77,0
DA:85,0
DA:93,0
DA:94,0
DA:109,1
DA:110,0
DA:113,0
DA:116,0
DA:117,0
DA:125,0
DA:126,0
DA:127,0
DA:135,0
DA:138,0
DA:139,0
DA:146,0
DA:147,0
DA:155,0
DA:163,0
DA:165,0
DA:168,0
DA:169,0
DA:176,0
DA:177,0
DA:181,0
DA:190,0
DA:200,0
DA:201,0
DA:209,0
DA:217,0
DA:226,0
DA:235,0
DA:236,0
DA:251,1
DA:252,0
DA:255,0
DA:257,0
DA:260,0
DA:261,0
DA:262,0
DA:270,0
DA:284,0
DA:285,0
DA:292,0
DA:293,0
DA:300,0
DA:301,0
DA:304,0
DA:313,0
DA:314,0
DA:328,1
DA:329,0
DA:331,0
DA:334,0
DA:341,0
DA:342,0
DA:349,0
DA:352,0
DA:358,0
DA:359,0
DA:373,1
DA:374,0
DA:378,0
DA:383,0
DA:392,0
DA:393,0
DA:403,1
LF:77
LH:10
BRDA:113,0,0,0
BRDA:116,1,0,0
BRDA:116,1,1,0
BRDA:126,2,0,0
BRDA:126,2,1,0
BRDA:138,3,0,0
BRDA:138,3,1,0
BRDA:146,4,0,0
BRDA:146,4,1,0
BRDA:163,5,0,0
BRDA:163,5,1,0
BRDA:168,6,0,0
BRDA:168,6,1,0
BRDA:200,7,0,0
BRDA:200,7,1,0
BRDA:261,8,0,0
BRDA:261,8,1,0
BRDA:284,9,0,0
BRDA:284,9,1,0
BRDA:292,10,0,0
BRDA:292,10,1,0
BRDA:341,11,0,0
BRDA:341,11,1,0
BRF:23
BRH:0
end_of_record
TN:
SF:controllers\catalogo.controller.js
FN:36,(anonymous_0)
FN:166,(anonymous_1)
FN:226,(anonymous_2)
FN:242,(anonymous_3)
FN:285,(anonymous_4)
FN:315,(anonymous_5)
FN:360,(anonymous_6)
FNF:7
FNH:0
FNDA:0,(anonymous_0)
FNDA:0,(anonymous_1)
FNDA:0,(anonymous_2)
FNDA:0,(anonymous_3)
FNDA:0,(anonymous_4)
FNDA:0,(anonymous_5)
FNDA:0,(anonymous_6)
DA:12,1
DA:16,1
DA:20,1
DA:36,1
DA:37,0
DA:51,0
DA:55,0
DA:59,0
DA:65,0
DA:66,0
DA:69,0
DA:72,0
DA:79,0
DA:80,0
DA:82,0
DA:84,0
DA:90,0
DA:92,0
DA:93,0
DA:95,0
DA:96,0
DA:98,0
DA:99,0
DA:102,0
DA:103,0
DA:108,0
DA:114,0
DA:136,0
DA:151,0
DA:152,0
DA:166,1
DA:167,0
DA:169,0
DA:173,0
DA:195,0
DA:196,0
DA:203,0
DA:211,0
DA:212,0
DA:226,1
DA:227,0
DA:229,0
DA:232,0
DA:241,0
DA:244,0
DA:254,0
DA:262,0
DA:270,0
DA:271,0
DA:285,1
DA:286,0
DA:288,0
DA:289,0
DA:292,0
DA:296,0
DA:297,0
DA:304,0
DA:314,0
DA:316,0
DA:324,0
DA:332,0
DA:344,0
DA:345,0
DA:360,1
DA:361,0
DA:363,0
DA:364,0
DA:367,0
DA:391,0
DA:399,0
DA:400,0
DA:409,1
LF:72
LH:9
BRDA:48,0,0,0
BRDA:49,1,0,0
BRDA:50,2,0,0
BRDA:65,3,0,0
BRDA:65,3,1,0
BRDA:66,4,0,0
BRDA:66,4,1,0
BRDA:69,5,0,0
BRDA:69,5,1,0
BRDA:79,6,0,0
BRDA:79,6,1,0
BRDA:79,7,0,0
BRDA:79,7,1,0
BRDA:82,8,0,0
BRDA:82,8,1,0
BRDA:84,9,0,0
BRDA:84,9,1,0
BRDA:90,10,0,0
BRDA:90,10,1,0
BRDA:90,10,2,0
BRDA:90,10,3,0
BRDA:90,10,4,0
BRDA:195,11,0,0
BRDA:195,11,1,0
BRDA:296,12,0,0
BRDA:296,12,1,0
BRDA:363,13,0,0
BRF:27
BRH:0
end_of_record
TN:
SF:controllers\categoria.controller.js
FN:30,(anonymous_0)
FN:84,(anonymous_1)
FN:145,(anonymous_2)
FN:197,(anonymous_3)
FN:215,(anonymous_4)
FN:272,(anonymous_5)
FN:292,(anonymous_6)
FN:355,(anonymous_7)
FN:423,(anonymous_8)
FN:468,(anonymous_9)
FNF:10
FNH:0
FNDA:0,(anonymous_0)
FNDA:0,(anonymous_1)
FNDA:0,(anonymous_2)
FNDA:0,(anonymous_3)
FNDA:0,(anonymous_4)
FNDA:0,(anonymous_5)
FNDA:0,(anonymous_6)
FNDA:0,(anonymous_7)
FNDA:0,(anonymous_8)
FNDA:0,(anonymous_9)
DA:12,1
DA:16,1
DA:20,1
DA:30,1
DA:31,0
DA:33,0
DA:37,0
DA:43,0
DA:44,0
DA:48,0
DA:49,0
DA:57,0
DA:60,0
DA:69,0
DA:70,0
DA:84,1
DA:85,0
DA:87,0
DA:91,0
DA:107,0
DA:108,0
DA:115,0
DA:117,0
DA:119,0
DA:122,0
DA:130,0
DA:131,0
DA:145,1
DA:146,0
DA:148,0
DA:151,0
DA:152,0
DA:160,0
DA:165,0
DA:166,0
DA:173,0
DA:180,0
DA:189,0
DA:192,0
DA:193,0
DA:197,0
DA:201,0
DA:215,1
DA:216,0
DA:218,0
DA:219,0
DA:222,0
DA:224,0
DA:225,0
DA:232,0
DA:233,0
DA:237,0
DA:238,0
DA:247,0
DA:248,0
DA:249,0
DA:253,0
DA:256,0
DA:265,0
DA:268,0
DA:269,0
DA:272,0
DA:276,0
DA:292,1
DA:293,0
DA:294,0
DA:297,0
DA:299,0
DA:300,0
DA:307,0
DA:308,0
DA:312,0
DA:315,0
DA:319,0
DA:324,0
DA:338,0
DA:339,0
DA:355,1
DA:356,0
DA:357,0
DA:360,0
DA:362,0
DA:363,0
DA:370,0
DA:375,0
DA:376,0
DA:384,0
DA:389,0
DA:390,0
DA:398,0
DA:401,0
DA:407,0
DA:408,0
DA:423,1
DA:424,0
DA:425,0
DA:428,0
DA:430,0
DA:431,0
DA:438,0
DA:443,0
DA:448,0
DA:453,0
DA:458,0
DA:464,0
DA:465,0
DA:468,0
DA:470,0
DA:471,0
DA:475,0
DA:505,0
DA:506,0
DA:515,1
LF:113
LH:11
BRDA:43,0,0,0
BRDA:43,0,1,0
BRDA:48,1,0,0
BRDA:48,1,1,0
BRDA:107,2,0,0
BRDA:107,2,1,0
BRDA:151,3,0,0
BRDA:151,3,1,0
BRDA:165,4,0,0
BRDA:165,4,1,0
BRDA:175,5,0,0
BRDA:175,5,1,0
BRDA:192,6,0,0
BRDA:192,6,1,0
BRDA:224,7,0,0
BRDA:224,7,1,0
BRDA:232,8,0,0
BRDA:232,8,1,0
BRDA:232,9,0,0
BRDA:232,9,1,0
BRDA:237,10,0,0
BRDA:237,10,1,0
BRDA:247,11,0,0
BRDA:247,11,1,0
BRDA:248,12,0,0
BRDA:248,12,1,0
BRDA:249,13,0,0
BRDA:249,13,1,0
BRDA:268,14,0,0
BRDA:268,14,1,0
BRDA:299,15,0,0
BRDA:299,15,1,0
BRDA:327,16,0,0
BRDA:327,16,1,0
BRDA:362,17,0,0
BRDA:362,17,1,0
BRDA:375,18,0,0
BRDA:375,18,1,0
BRDA:389,19,0,0
BRDA:389,19,1,0
BRDA:430,20,0,0
BRDA:430,20,1,0
BRF:42
BRH:0
end_of_record
TN:
SF:controllers\comentario.controller.js
FN:37,(anonymous_0)
FN:153,(anonymous_1)
FN:198,(anonymous_2)
FN:212,(anonymous_3)
FN:254,(anonymous_4)
FN:298,(anonymous_5)
FN:363,(anonymous_6)
FN:402,(anonymous_7)
FN:480,(anonymous_8)
FN:526,(anonymous_9)
FN:561,(anonymous_10)
FN:588,(anonymous_11)
FN:616,(anonymous_12)
FNF:13
FNH:0
FNDA:0,(anonymous_0)
FNDA:0,(anonymous_1)
FNDA:0,(anonymous_2)
FNDA:0,(anonymous_3)
FNDA:0,(anonymous_4)
FNDA:0,(anonymous_5)
FNDA:0,(anonymous_6)
FNDA:0,(anonymous_7)
FNDA:0,(anonymous_8)
FNDA:0,(anonymous_9)
FNDA:0,(anonymous_10)
FNDA:0,(anonymous_11)
FNDA:0,(anonymous_12)
DA:11,1
DA:12,1
DA:13,1
DA:14,1
DA:15,1
DA:16,1
DA:37,1
DA:38,0
DA:40,0
DA:41,0
DA:44,0
DA:45,0
DA:52,0
DA:53,0
DA:60,0
DA:61,0
DA:62,0
DA:69,0
DA:70,0
DA:71,0
DA:78,0
DA:90,0
DA:91,0
DA:98,0
DA:107,0
DA:121,0
DA:122,0
DA:153,1
DA:154,0
DA:155,0
DA:156,0
DA:157,0
DA:158,0
DA:161,0
DA:162,0
DA:163,0
DA:170,0
DA:189,0
DA:197,0
DA:198,0
DA:201,0
DA:203,0
DA:212,0
DA:231,0
DA:232,0
DA:254,1
DA:255,0
DA:256,0
DA:259,0
DA:260,0
DA:261,0
DA:268,0
DA:271,0
DA:273,0
DA:283,0
DA:284,0
DA:298,1
DA:299,0
DA:300,0
DA:301,0
DA:303,0
DA:304,0
DA:311,0
DA:312,0
DA:313,0
DA:318,0
DA:320,0
DA:321,0
DA:322,0
DA:327,0
DA:330,0
DA:331,0
DA:332,0
DA:338,0
DA:340,0
DA:349,0
DA:350,0
DA:363,1
DA:364,0
DA:365,0
DA:366,0
DA:367,0
DA:368,0
DA:374,0
DA:375,0
DA:377,0
DA:386,0
DA:387,0
DA:402,1
DA:403,0
DA:404,0
DA:405,0
DA:406,0
DA:408,0
DA:409,0
DA:410,0
DA:416,0
DA:417,0
DA:423,0
DA:424,0
DA:430,0
DA:431,0
DA:432,0
DA:433,0
DA:434,0
DA:439,0
DA:442,0
DA:443,0
DA:444,0
DA:449,0
DA:452,0
DA:454,0
DA:465,0
DA:466,0
DA:480,1
DA:481,0
DA:482,0
DA:483,0
DA:485,0
DA:486,0
DA:487,0
DA:493,0
DA:494,0
DA:500,0
DA:502,0
DA:511,0
DA:512,0
DA:526,1
DA:527,0
DA:528,0
DA:530,0
DA:534,0
DA:535,0
DA:541,0
DA:553,0
DA:561,0
DA:573,0
DA:574,0
DA:588,1
DA:589,0
DA:590,0
DA:591,0
DA:592,0
DA:594,0
DA:613,0
DA:616,0
DA:637,0
DA:638,0
DA:649,1
LF:149
LH:16
BRDA:44,0,0,0
BRDA:44,0,1,0
BRDA:44,1,0,0
BRDA:44,1,1,0
BRDA:44,1,2,0
BRDA:52,2,0,0
BRDA:52,2,1,0
BRDA:52,3,0,0
BRDA:52,3,1,0
BRDA:52,3,2,0
BRDA:61,4,0,0
BRDA:61,4,1,0
BRDA:61,5,0,0
BRDA:61,5,1,0
BRDA:70,6,0,0
BRDA:70,6,1,0
BRDA:90,7,0,0
BRDA:90,7,1,0
BRDA:115,8,0,0
BRDA:115,8,1,0
BRDA:156,9,0,0
BRDA:156,9,1,0
BRDA:157,10,0,0
BRDA:157,10,1,0
BRDA:162,11,0,0
BRDA:162,11,1,0
BRDA:197,12,0,0
BRDA:197,12,1,0
BRDA:218,13,0,0
BRDA:218,13,1,0
BRDA:260,14,0,0
BRDA:260,14,1,0
BRDA:303,15,0,0
BRDA:303,15,1,0
BRDA:303,16,0,0
BRDA:303,16,1,0
BRDA:311,17,0,0
BRDA:311,17,1,0
BRDA:312,18,0,0
BRDA:312,18,1,0
BRDA:321,19,0,0
BRDA:321,19,1,0
BRDA:331,20,0,0
BRDA:331,20,1,0
BRDA:342,21,0,0
BRDA:342,21,1,0
BRDA:345,22,0,0
BRDA:345,22,1,0
BRDA:367,23,0,0
BRDA:367,23,1,0
BRDA:379,24,0,0
BRDA:379,24,1,0
BRDA:382,25,0,0
BRDA:382,25,1,0
BRDA:409,26,0,0
BRDA:409,26,1,0
BRDA:416,27,0,0
BRDA:416,27,1,0
BRDA:423,28,0,0
BRDA:423,28,1,0
BRDA:423,29,0,0
BRDA:423,29,1,0
BRDA:431,30,0,0
BRDA:431,30,1,0
BRDA:433,31,0,0
BRDA:433,31,1,0
BRDA:433,32,0,0
BRDA:433,32,1,0
BRDA:442,33,0,0
BRDA:442,33,1,0
BRDA:443,34,0,0
BRDA:443,34,1,0
BRDA:443,35,0,0
BRDA:443,35,1,0
BRDA:443,35,2,0
BRDA:461,36,0,0
BRDA:461,36,1,0
BRDA:486,37,0,0
BRDA:486,37,1,0
BRDA:493,38,0,0
BRDA:493,38,1,0
BRDA:534,39,0,0
BRDA:534,39,1,0
BRDA:564,40,0,0
BRDA:564,40,1,0
BRDA:567,41,0,0
BRDA:567,41,1,0
BRDA:590,42,0,0
BRDA:590,42,1,0
BRDA:591,43,0,0
BRDA:591,43,1,0
BRDA:619,44,0,0
BRDA:619,44,1,0
BRDA:620,45,0,0
BRDA:620,45,1,0
BRDA:622,46,0,0
BRDA:622,46,1,0
BRDA:625,47,0,0
BRDA:625,47,1,0
BRF:99
BRH:0
end_of_record
TN:
SF:controllers\factura.controller.js
FN:23,(anonymous_0)
FN:84,(anonymous_1)
FN:162,(anonymous_2)
FN:222,(anonymous_3)
FN:286,(anonymous_4)
FN:315,(anonymous_5)
FN:341,(anonymous_6)
FN:403,(anonymous_7)
FN:435,(anonymous_8)
FN:467,(anonymous_9)
FN:518,(anonymous_10)
FNF:11
FNH:0
FNDA:0,(anonymous_0)
FNDA:0,(anonymous_1)
FNDA:0,(anonymous_2)
FNDA:0,(anonymous_3)
FNDA:0,(anonymous_4)
FNDA:0,(anonymous_5)
FNDA:0,(anonymous_6)
FNDA:0,(anonymous_7)
FNDA:0,(anonymous_8)
FNDA:0,(anonymous_9)
FNDA:0,(anonymous_10)
DA:15,1
DA:16,1
DA:23,1
DA:24,0
DA:25,0
DA:26,0
DA:29,0
DA:30,0
DA:37,0
DA:50,0
DA:51,0
DA:58,0
DA:59,0
DA:66,0
DA:67,0
DA:68,0
DA:75,0
DA:79,0
DA:80,0
DA:81,0
DA:84,0
DA:93,0
DA:94,0
DA:97,0
DA:115,0
DA:116,0
DA:119,0
DA:121,0
DA:133,0
DA:135,0
DA:149,0
DA:150,0
DA:162,1
DA:163,0
DA:164,0
DA:165,0
DA:168,0
DA:172,0
DA:173,0
DA:180,0
DA:184,0
DA:185,0
DA:191,0
DA:209,0
DA:210,0
DA:222,1
DA:223,0
DA:224,0
DA:225,0
DA:228,0
DA:239,0
DA:240,0
DA:246,0
DA:247,0
DA:254,0
DA:257,0
DA:260,0
DA:261,0
DA:262,0
DA:265,0
DA:267,0
DA:268,0
DA:274,0
DA:286,1
DA:287,0
DA:288,0
DA:289,0
DA:291,0
DA:293,0
DA:308,0
DA:315,0
DA:328,0
DA:329,0
DA:341,1
DA:342,0
DA:343,0
DA:345,0
DA:356,0
DA:357,0
DA:363,0
DA:390,0
DA:391,0
DA:403,1
DA:404,0
DA:405,0
DA:406,0
DA:408,0
DA:409,0
DA:410,0
DA:413,0
DA:428,0
DA:435,0
DA:454,0
DA:455,0
DA:467,1
DA:468,0
DA:469,0
DA:470,0
DA:472,0
DA:474,0
DA:475,0
DA:481,0
DA:482,0
DA:489,0
DA:494,0
DA:505,0
DA:506,0
DA:518,1
DA:519,0
DA:520,0
DA:523,0
DA:527,0
DA:528,0
DA:534,0
DA:535,0
DA:542,0
DA:545,0
DA:546,0
DA:547,0
DA:550,0
DA:552,0
DA:553,0
DA:559,0
DA:567,1
LF:124
LH:11
BRDA:29,0,0,0
BRDA:29,0,1,0
BRDA:50,1,0,0
BRDA:50,1,1,0
BRDA:58,2,0,0
BRDA:58,2,1,0
BRDA:67,3,0,0
BRDA:67,3,1,0
BRDA:79,4,0,0
BRDA:79,4,1,0
BRDA:102,5,0,0
BRDA:102,5,1,0
BRDA:172,6,0,0
BRDA:172,6,1,0
BRDA:184,7,0,0
BRDA:184,7,1,0
BRDA:239,8,0,0
BRDA:239,8,1,0
BRDA:246,9,0,0
BRDA:246,9,1,0
BRDA:267,10,0,0
BRDA:267,10,1,0
BRDA:289,11,0,0
BRDA:289,12,0,0
BRDA:356,13,0,0
BRDA:356,13,1,0
BRDA:405,14,0,0
BRDA:405,15,0,0
BRDA:409,16,0,0
BRDA:409,16,1,0
BRDA:474,17,0,0
BRDA:474,17,1,0
BRDA:481,18,0,0
BRDA:481,18,1,0
BRDA:491,19,0,0
BRDA:491,19,1,0
BRDA:527,20,0,0
BRDA:527,20,1,0
BRDA:534,21,0,0
BRDA:534,21,1,0
BRDA:552,22,0,0
BRDA:552,22,1,0
BRF:42
BRH:0
end_of_record
TN:
SF:controllers\pedido.controller.js
FN:51,(anonymous_0)
FN:243,(anonymous_1)
FN:306,(anonymous_2)
FN:384,(anonymous_3)
FN:476,(anonymous_4)
FN:543,(anonymous_5)
FN:631,(anonymous_6)
FN:804,(anonymous_7)
FN:809,(anonymous_8)
FN:814,(anonymous_9)
FN:820,(anonymous_10)
FN:826,(anonymous_11)
FNF:12
FNH:0
FNDA:0,(anonymous_0)
FNDA:0,(anonymous_1)
FNDA:0,(anonymous_2)
FNDA:0,(anonymous_3)
FNDA:0,(anonymous_4)
FNDA:0,(anonymous_5)
FNDA:0,(anonymous_6)
FNDA:0,(anonymous_7)
FNDA:0,(anonymous_8)
FNDA:0,(anonymous_9)
FNDA:0,(anonymous_10)
FNDA:0,(anonymous_11)
DA:12,1
DA:16,1
DA:20,1
DA:24,1
DA:28,1
DA:31,1
DA:34,1
DA:51,1
DA:54,0
DA:56,0
DA:58,0
DA:61,0
DA:64,0
DA:65,0
DA:66,0
DA:73,0
DA:74,0
DA:75,0
DA:82,0
DA:84,0
DA:85,0
DA:86,0
DA:95,0
DA:106,0
DA:107,0
DA:108,0
DA:116,0
DA:117,0
DA:120,0
DA:121,0
DA:124,0
DA:125,0
DA:126,0
DA:130,0
DA:131,0
DA:134,0
DA:138,0
DA:142,0
DA:143,0
DA:144,0
DA:152,0
DA:163,0
DA:165,0
DA:166,0
DA:169,0
DA:177,0
DA:180,0
DA:181,0
DA:186,0
DA:193,0
DA:197,0
DA:217,0
DA:227,0
DA:228,0
DA:229,0
DA:243,1
DA:244,0
DA:246,0
DA:249,0
DA:251,0
DA:254,0
DA:258,0
DA:277,0
DA:291,0
DA:292,0
DA:306,1
DA:307,0
DA:308,0
DA:311,0
DA:313,0
DA:314,0
DA:318,0
DA:351,0
DA:352,0
DA:359,0
DA:367,0
DA:368,0
DA:384,1
DA:386,0
DA:387,0
DA:389,0
DA:390,0
DA:394,0
DA:410,0
DA:411,0
DA:412,0
DA:419,0
DA:420,0
DA:421,0
DA:428,0
DA:431,0
DA:434,0
DA:450,0
DA:459,0
DA:460,0
DA:461,0
DA:476,1
DA:477,0
DA:479,0
DA:482,0
DA:483,0
DA:484,0
DA:486,0
DA:489,0
DA:513,0
DA:527,0
DA:528,0
DA:543,1
DA:544,0
DA:546,0
DA:547,0
DA:548,0
DA:551,0
DA:552,0
DA:553,0
DA:560,0
DA:562,0
DA:563,0
DA:570,0
DA:571,0
DA:572,0
DA:579,0
DA:580,0
DA:581,0
DA:582,0
DA:584,0
DA:585,0
DA:589,0
DA:590,0
DA:594,0
DA:605,0
DA:614,0
DA:615,0
DA:631,1
DA:632,0
DA:633,0
DA:634,0
DA:635,0
DA:636,0
DA:638,0
DA:639,0
DA:640,0
DA:641,0
DA:646,0
DA:649,0
DA:650,0
DA:651,0
DA:652,0
DA:657,0
DA:660,0
DA:662,0
DA:663,0
DA:665,0
DA:675,0
DA:676,0
DA:678,0
DA:684,0
DA:685,0
DA:687,0
DA:693,0
DA:699,0
DA:707,0
DA:718,0
DA:743,0
DA:776,0
DA:795,0
DA:804,0
DA:809,0
DA:814,0
DA:820,0
DA:826,0
DA:837,0
DA:838,0
DA:847,1
LF:174
LH:15
BRDA:61,0,0,0
BRDA:64,1,0,0
BRDA:64,1,1,0
BRDA:64,2,0,0
BRDA:64,2,1,0
BRDA:73,3,0,0
BRDA:73,3,1,0
BRDA:73,4,0,0
BRDA:73,4,1,0
BRDA:84,5,0,0
BRDA:84,5,1,0
BRDA:106,6,0,0
BRDA:106,6,1,0
BRDA:124,7,0,0
BRDA:124,7,1,0
BRDA:130,8,0,0
BRDA:130,8,1,0
BRDA:142,9,0,0
BRDA:142,9,1,0
BRDA:159,10,0,0
BRDA:159,10,1,0
BRDA:159,10,2,0
BRDA:246,11,0,0
BRDA:246,12,0,0
BRDA:251,13,0,0
BRDA:251,13,1,0
BRDA:313,14,0,0
BRDA:313,14,1,0
BRDA:351,15,0,0
BRDA:351,15,1,0
BRDA:410,16,0,0
BRDA:410,16,1,0
BRDA:419,17,0,0
BRDA:419,17,1,0
BRDA:479,18,0,0
BRDA:479,19,0,0
BRDA:483,20,0,0
BRDA:483,20,1,0
BRDA:484,21,0,0
BRDA:484,21,1,0
BRDA:552,22,0,0
BRDA:552,22,1,0
BRDA:562,23,0,0
BRDA:562,23,1,0
BRDA:570,24,0,0
BRDA:570,24,1,0
BRDA:571,25,0,0
BRDA:571,25,1,0
BRDA:634,26,0,0
BRDA:635,27,0,0
BRDA:635,27,1,0
BRDA:638,28,0,0
BRDA:638,28,1,0
BRDA:640,29,0,0
BRDA:640,29,1,0
BRDA:649,30,0,0
BRDA:649,30,1,0
BRDA:651,31,0,0
BRDA:651,31,1,0
BRDA:660,32,0,0
BRDA:660,32,1,0
BRDA:663,33,0,0
BRDA:663,33,1,0
BRDA:693,34,0,0
BRDA:693,34,1,0
BRDA:807,35,0,0
BRDA:807,35,1,0
BRDA:812,36,0,0
BRDA:812,36,1,0
BRDA:816,37,0,0
BRDA:816,37,1,0
BRDA:818,38,0,0
BRDA:818,38,1,0
BRDA:824,39,0,0
BRDA:824,39,1,0
BRDA:828,40,0,0
BRDA:828,40,1,0
BRDA:829,41,0,0
BRDA:829,41,1,0
BRDA:831,42,0,0
BRDA:831,42,1,0
BRF:81
BRH:0
end_of_record
TN:
SF:controllers\producto.controller.js
FN:39,(anonymous_0)
FN:127,(anonymous_1)
FN:183,(anonymous_2)
FN:292,(anonymous_3)
FN:312,(anonymous_4)
FN:425,(anonymous_5)
FN:443,(anonymous_6)
FN:487,(anonymous_7)
FN:529,(anonymous_8)
FNF:9
FNH:0
FNDA:0,(anonymous_0)
FNDA:0,(anonymous_1)
FNDA:0,(anonymous_2)
FNDA:0,(anonymous_3)
FNDA:0,(anonymous_4)
FNDA:0,(anonymous_5)
FNDA:0,(anonymous_6)
FNDA:0,(anonymous_7)
FNDA:0,(anonymous_8)
DA:12,1
DA:15,1
DA:18,1
DA:22,1
DA:26,1
DA:39,1
DA:40,0
DA:50,0
DA:53,0
DA:54,0
DA:55,0
DA:56,0
DA:58,0
DA:61,0
DA:62,0
DA:65,0
DA:72,0
DA:75,0
DA:95,0
DA:98,0
DA:112,0
DA:113,0
DA:127,1
DA:128,0
DA:129,0
DA:133,0
DA:149,0
DA:150,0
DA:157,0
DA:165,0
DA:166,0
DA:183,1
DA:184,0
DA:187,0
DA:190,0
DA:191,0
DA:198,0
DA:199,0
DA:200,0
DA:205,0
DA:206,0
DA:213,0
DA:214,0
DA:215,0
DA:220,0
DA:221,0
DA:227,0
DA:228,0
DA:235,0
DA:236,0
DA:242,0
DA:243,0
DA:250,0
DA:251,0
DA:254,0
DA:267,0
DA:275,0
DA:284,0
DA:288,0
DA:289,0
DA:292,0
DA:296,0
DA:312,1
DA:313,0
DA:314,0
DA:315,0
DA:318,0
DA:320,0
DA:321,0
DA:328,0
DA:329,0
DA:330,0
DA:331,0
DA:340,0
DA:341,0
DA:342,0
DA:343,0
DA:350,0
DA:351,0
DA:352,0
DA:360,0
DA:361,0
DA:366,0
DA:367,0
DA:374,0
DA:376,0
DA:377,0
DA:378,0
DA:379,0
DA:381,0
DA:384,0
DA:385,0
DA:389,0
DA:390,0
DA:391,0
DA:392,0
DA:393,0
DA:394,0
DA:395,0
DA:398,0
DA:401,0
DA:409,0
DA:418,0
DA:421,0
DA:422,0
DA:425,0
DA:429,0
DA:443,1
DA:444,0
DA:445,0
DA:448,0
DA:450,0
DA:451,0
DA:458,0
DA:459,0
DA:462,0
DA:471,0
DA:472,0
DA:487,1
DA:488,0
DA:489,0
DA:491,0
DA:493,0
DA:494,0
DA:502,0
DA:504,0
DA:510,0
DA:511,0
DA:529,1
DA:530,0
DA:531,0
DA:532,0
DA:535,0
DA:536,0
DA:543,0
DA:544,0
DA:545,0
DA:552,0
DA:554,0
DA:555,0
DA:564,0
DA:567,0
DA:568,0
DA:571,0
DA:572,0
DA:578,0
DA:579,0
DA:582,0
DA:583,0
DA:586,0
DA:593,0
DA:594,0
DA:597,0
DA:611,0
DA:612,0
DA:621,1
LF:156
LH:13
BRDA:48,0,0,0
BRDA:49,1,0,0
BRDA:54,2,0,0
BRDA:54,2,1,0
BRDA:55,3,0,0
BRDA:55,3,1,0
BRDA:56,4,0,0
BRDA:56,4,1,0
BRDA:58,5,0,0
BRDA:58,5,1,0
BRDA:61,6,0,0
BRDA:61,6,1,0
BRDA:149,7,0,0
BRDA:149,7,1,0
BRDA:190,8,0,0
BRDA:190,8,1,0
BRDA:190,9,0,0
BRDA:190,9,1,0
BRDA:190,9,2,0
BRDA:190,9,3,0
BRDA:199,10,0,0
BRDA:199,10,1,0
BRDA:205,11,0,0
BRDA:205,11,1,0
BRDA:214,12,0,0
BRDA:214,12,1,0
BRDA:220,13,0,0
BRDA:220,13,1,0
BRDA:227,14,0,0
BRDA:227,14,1,0
BRDA:235,15,0,0
BRDA:235,15,1,0
BRDA:242,16,0,0
BRDA:242,16,1,0
BRDA:250,17,0,0
BRDA:250,17,1,0
BRDA:251,18,0,0
BRDA:251,18,1,0
BRDA:256,19,0,0
BRDA:256,19,1,0
BRDA:258,20,0,0
BRDA:258,20,1,0
BRDA:288,21,0,0
BRDA:288,21,1,0
BRDA:320,22,0,0
BRDA:320,22,1,0
BRDA:328,23,0,0
BRDA:328,23,1,0
BRDA:328,24,0,0
BRDA:328,24,1,0
BRDA:330,25,0,0
BRDA:330,25,1,0
BRDA:330,26,0,0
BRDA:330,26,1,0
BRDA:340,27,0,0
BRDA:340,27,1,0
BRDA:340,28,0,0
BRDA:340,28,1,0
BRDA:342,29,0,0
BRDA:342,29,1,0
BRDA:342,30,0,0
BRDA:342,30,1,0
BRDA:350,31,0,0
BRDA:350,31,1,0
BRDA:351,32,0,0
BRDA:351,32,1,0
BRDA:360,33,0,0
BRDA:360,33,1,0
BRDA:360,34,0,0
BRDA:360,34,1,0
BRDA:366,35,0,0
BRDA:366,35,1,0
BRDA:366,36,0,0
BRDA:366,36,1,0
BRDA:374,37,0,0
BRDA:374,37,1,0
BRDA:376,38,0,0
BRDA:376,38,1,0
BRDA:376,39,0,0
BRDA:376,39,1,0
BRDA:376,39,2,0
BRDA:389,40,0,0
BRDA:389,40,1,0
BRDA:390,41,0,0
BRDA:390,41,1,0
BRDA:391,42,0,0
BRDA:391,42,1,0
BRDA:392,43,0,0
BRDA:392,43,1,0
BRDA:393,44,0,0
BRDA:393,44,1,0
BRDA:394,45,0,0
BRDA:394,45,1,0
BRDA:395,46,0,0
BRDA:395,46,1,0
BRDA:421,47,0,0
BRDA:421,47,1,0
BRDA:450,48,0,0
BRDA:450,48,1,0
BRDA:464,49,0,0
BRDA:464,49,1,0
BRDA:493,50,0,0
BRDA:493,50,1,0
BRDA:535,51,0,0
BRDA:535,51,1,0
BRDA:535,52,0,0
BRDA:535,52,1,0
BRDA:544,53,0,0
BRDA:544,53,1,0
BRDA:554,54,0,0
BRDA:554,54,1,0
BRDA:564,55,0,0
BRDA:564,55,1,0
BRDA:564,55,2,0
BRDA:564,55,3,0
BRDA:571,56,0,0
BRDA:571,56,1,0
BRDA:600,57,0,0
BRDA:600,57,1,0
BRDA:600,58,0,0
BRDA:600,58,1,0
BRDA:605,59,0,0
BRDA:605,59,1,0
BRDA:605,60,0,0
BRDA:605,60,1,0
BRF:125
BRH:0
end_of_record
TN:
SF:controllers\subcategoria.controller.js
FN:30,(anonymous_0)
FN:88,(anonymous_1)
FN:146,(anonymous_2)
FN:224,(anonymous_3)
FN:242,(anonymous_4)
FN:330,(anonymous_5)
FN:350,(anonymous_6)
FN:413,(anonymous_7)
FN:464,(anonymous_8)
FN:505,(anonymous_9)
FNF:10
FNH:0
FNDA:0,(anonymous_0)
FNDA:0,(anonymous_1)
FNDA:0,(anonymous_2)
FNDA:0,(anonymous_3)
FNDA:0,(anonymous_4)
FNDA:0,(anonymous_5)
FNDA:0,(anonymous_6)
FNDA:0,(anonymous_7)
FNDA:0,(anonymous_8)
FNDA:0,(anonymous_9)
DA:11,1
DA:15,1
DA:19,1
DA:30,1
DA:31,0
DA:33,0
DA:36,0
DA:41,0
DA:42,0
DA:43,0
DA:47,0
DA:48,0
DA:52,0
DA:53,0
DA:61,0
DA:64,0
DA:73,0
DA:74,0
DA:88,1
DA:89,0
DA:90,0
DA:94,0
DA:109,0
DA:110,0
DA:117,0
DA:118,0
DA:120,0
DA:123,0
DA:131,0
DA:132,0
DA:146,1
DA:147,0
DA:149,0
DA:152,0
DA:153,0
DA:160,0
DA:162,0
DA:163,0
DA:170,0
DA:171,0
DA:179,0
DA:183,0
DA:184,0
DA:191,0
DA:199,0
DA:208,0
DA:217,0
DA:220,0
DA:221,0
DA:224,0
DA:228,0
DA:242,1
DA:243,0
DA:244,0
DA:245,0
DA:248,0
DA:250,0
DA:251,0
DA:258,0
DA:259,0
DA:261,0
DA:262,0
DA:268,0
DA:269,0
DA:278,0
DA:279,0
DA:281,0
DA:288,0
DA:289,0
DA:297,0
DA:298,0
DA:299,0
DA:300,0
DA:303,0
DA:306,0
DA:315,0
DA:324,0
DA:326,0
DA:327,0
DA:330,0
DA:334,0
DA:350,1
DA:351,0
DA:352,0
DA:354,0
DA:356,0
DA:357,0
DA:364,0
DA:367,0
DA:368,0
DA:369,0
DA:370,0
DA:377,0
DA:380,0
DA:383,0
DA:388,0
DA:398,0
DA:399,0
DA:413,1
DA:414,0
DA:415,0
DA:417,0
DA:419,0
DA:420,0
DA:427,0
DA:432,0
DA:433,0
DA:441,0
DA:443,0
DA:449,0
DA:450,0
DA:464,1
DA:465,0
DA:466,0
DA:469,0
DA:477,0
DA:478,0
DA:485,0
DA:490,0
DA:495,0
DA:501,0
DA:502,0
DA:505,0
DA:506,0
DA:507,0
DA:511,0
DA:536,0
DA:537,0
DA:546,1
LF:129
LH:11
BRDA:42,0,0,0
BRDA:42,0,1,0
BRDA:43,1,0,0
BRDA:43,1,1,0
BRDA:47,2,0,0
BRDA:47,2,1,0
BRDA:52,3,0,0
BRDA:52,3,1,0
BRDA:109,4,0,0
BRDA:109,4,1,0
BRDA:152,5,0,0
BRDA:152,5,1,0
BRDA:152,6,0,0
BRDA:152,6,1,0
BRDA:162,7,0,0
BRDA:162,7,1,0
BRDA:170,8,0,0
BRDA:170,8,1,0
BRDA:183,9,0,0
BRDA:183,9,1,0
BRDA:193,10,0,0
BRDA:193,10,1,0
BRDA:220,11,0,0
BRDA:220,11,1,0
BRDA:250,12,0,0
BRDA:250,12,1,0
BRDA:258,13,0,0
BRDA:258,13,1,0
BRDA:258,14,0,0
BRDA:258,14,1,0
BRDA:261,15,0,0
BRDA:261,15,1,0
BRDA:268,16,0,0
BRDA:268,16,1,0
BRDA:278,17,0,0
BRDA:278,17,1,0
BRDA:278,18,0,0
BRDA:278,18,1,0
BRDA:279,19,0,0
BRDA:279,19,1,0
BRDA:288,20,0,0
BRDA:288,20,1,0
BRDA:297,21,0,0
BRDA:297,21,1,0
BRDA:298,22,0,0
BRDA:298,22,1,0
BRDA:299,23,0,0
BRDA:299,23,1,0
BRDA:300,24,0,0
BRDA:300,24,1,0
BRDA:326,25,0,0
BRDA:326,25,1,0
BRDA:356,26,0,0
BRDA:356,26,1,0
BRDA:367,27,0,0
BRDA:367,27,1,0
BRDA:369,28,0,0
BRDA:369,28,1,0
BRDA:369,29,0,0
BRDA:369,29,1,0
BRDA:390,30,0,0
BRDA:390,30,1,0
BRDA:419,31,0,0
BRDA:419,31,1,0
BRDA:432,32,0,0
BRDA:432,32,1,0
BRDA:477,33,0,0
BRDA:477,33,1,0
BRF:68
BRH:0
end_of_record
TN:
SF:controllers\usuario.controller.js
FN:24,(anonymous_0)
FN:88,(anonymous_1)
FN:128,(anonymous_2)
FN:188,(anonymous_3)
FN:207,(anonymous_4)
FN:266,(anonymous_5)
FN:316,(anonymous_6)
FN:361,(anonymous_7)
FNF:8
FNH:0
FNDA:0,(anonymous_0)
FNDA:0,(anonymous_1)
FNDA:0,(anonymous_2)
FNDA:0,(anonymous_3)
FNDA:0,(anonymous_4)
FNDA:0,(anonymous_5)
FNDA:0,(anonymous_6)
FNDA:0,(anonymous_7)
DA:12,1
DA:24,1
DA:25,0
DA:27,0
DA:30,0
DA:31,0
DA:32,0
DA:35,0
DA:36,0
DA:39,0
DA:47,0
DA:51,0
DA:60,0
DA:74,0
DA:75,0
DA:88,1
DA:89,0
DA:90,0
DA:93,0
DA:97,0
DA:98,0
DA:104,0
DA:112,0
DA:113,0
DA:128,1
DA:129,0
DA:131,0
DA:134,0
DA:135,0
DA:142,0
DA:143,0
DA:150,0
DA:151,0
DA:152,0
DA:160,0
DA:172,0
DA:181,0
DA:184,0
DA:185,0
DA:188,0
DA:192,0
DA:207,1
DA:208,0
DA:209,0
DA:210,0
DA:213,0
DA:215,0
DA:216,0
DA:223,0
DA:224,0
DA:231,0
DA:232,0
DA:233,0
DA:234,0
DA:235,0
DA:238,0
DA:241,0
DA:250,0
DA:251,0
DA:266,1
DA:267,0
DA:268,0
DA:270,0
DA:272,0
DA:273,0
DA:281,0
DA:282,0
DA:289,0
DA:290,0
DA:292,0
DA:301,0
DA:302,0
DA:316,1
DA:317,0
DA:318,0
DA:320,0
DA:322,0
DA:323,0
DA:330,0
DA:331,0
DA:338,0
DA:340,0
DA:346,0
DA:347,0
DA:361,1
DA:362,0
DA:364,0
DA:366,0
DA:368,0
DA:370,0
DA:372,0
DA:375,0
DA:391,0
DA:392,0
DA:401,1
LF:95
LH:9
BRDA:27,0,0,0
BRDA:27,1,0,0
BRDA:31,2,0,0
BRDA:31,2,1,0
BRDA:32,3,0,0
BRDA:32,3,1,0
BRDA:35,4,0,0
BRDA:35,4,1,0
BRDA:97,5,0,0
BRDA:97,5,1,0
BRDA:134,6,0,0
BRDA:134,6,1,0
BRDA:134,7,0,0
BRDA:134,7,1,0
BRDA:134,7,2,0
BRDA:134,7,3,0
BRDA:142,8,0,0
BRDA:142,8,1,0
BRDA:151,9,0,0
BRDA:151,9,1,0
BRDA:165,10,0,0
BRDA:165,10,1,0
BRDA:166,11,0,0
BRDA:166,11,1,0
BRDA:184,12,0,0
BRDA:184,12,1,0
BRDA:215,13,0,0
BRDA:215,13,1,0
BRDA:223,14,0,0
BRDA:223,14,1,0
BRDA:223,15,0,0
BRDA:223,15,1,0
BRDA:231,16,0,0
BRDA:231,16,1,0
BRDA:232,17,0,0
BRDA:232,17,1,0
BRDA:233,18,0,0
BRDA:233,18,1,0
BRDA:234,19,0,0
BRDA:234,19,1,0
BRDA:235,20,0,0
BRDA:235,20,1,0
BRDA:272,21,0,0
BRDA:272,21,1,0
BRDA:281,22,0,0
BRDA:281,22,1,0
BRDA:294,23,0,0
BRDA:294,23,1,0
BRDA:322,24,0,0
BRDA:322,24,1,0
BRDA:330,25,0,0
BRDA:330,25,1,0
BRF:52
BRH:0
end_of_record
TN:
SF:middleware\auth.js
FN:36,(anonymous_0)
FN:134,(anonymous_1)
FNF:2
FNH:0
FNDA:0,(anonymous_0)
FNDA:0,(anonymous_1)
DA:14,1
DA:18,1
DA:36,1
DA:37,0
DA:40,0
DA:43,0
DA:44,0
DA:52,0
DA:55,0
DA:56,0
DA:67,0
DA:68,0
DA:70,0
DA:79,0
DA:84,0
DA:85,0
DA:93,0
DA:94,0
DA:103,0
DA:107,0
DA:111,0
DA:112,0
DA:134,1
DA:135,0
DA:137,0
DA:140,0
DA:141,0
DA:142,0
DA:146,0
DA:149,0
DA:150,0
DA:151,0
DA:154,0
DA:156,0
DA:159,0
DA:164,0
DA:165,0
DA:167,0
DA:171,0
DA:175,0
DA:179,0
DA:180,0
DA:181,0
DA:188,1
LF:44
LH:5
BRDA:43,0,0,0
BRDA:43,0,1,0
BRDA:55,1,0,0
BRDA:55,1,1,0
BRDA:84,2,0,0
BRDA:84,2,1,0
BRDA:93,3,0,0
BRDA:93,3,1,0
BRDA:140,4,0,0
BRDA:140,4,1,0
BRDA:149,5,0,0
BRDA:149,5,1,0
BRDA:164,6,0,0
BRDA:164,6,1,0
BRDA:164,7,0,0
BRDA:164,7,1,0
BRF:16
BRH:0
end_of_record
TN:
SF:middleware\checkRole.js
FN:27,(anonymous_0)
FN:69,(anonymous_1)
FN:114,(anonymous_2)
FN:117,(anonymous_3)
FN:160,(anonymous_4)
FN:210,(anonymous_5)
FN:250,(anonymous_6)
FNF:7
FNH:0
FNDA:0,(anonymous_0)
FNDA:0,(anonymous_1)
FNDA:0,(anonymous_2)
FNDA:0,(anonymous_3)
FNDA:0,(anonymous_4)
FNDA:0,(anonymous_5)
FNDA:0,(anonymous_6)
DA:27,1
DA:28,0
DA:31,0
DA:32,0
DA:40,0
DA:41,0
DA:48,0
DA:51,0
DA:52,0
DA:69,1
DA:70,0
DA:72,0
DA:73,0
DA:80,0
DA:81,0
DA:88,0
DA:91,0
DA:92,0
DA:114,1
DA:117,0
DA:118,0
DA:120,0
DA:121,0
DA:129,0
DA:130,0
DA:138,0
DA:141,0
DA:142,0
DA:160,1
DA:161,0
DA:163,0
DA:164,0
DA:171,0
DA:172,0
DA:177,0
DA:181,0
DA:182,0
DA:189,0
DA:192,0
DA:193,0
DA:210,1
DA:211,0
DA:213,0
DA:214,0
DA:221,0
DA:222,0
DA:229,0
DA:231,0
DA:232,0
DA:250,1
DA:251,0
DA:253,0
DA:254,0
DA:261,0
DA:262,0
DA:269,0
DA:271,0
DA:272,0
DA:281,1
LF:59
LH:7
BRDA:31,0,0,0
BRDA:31,0,1,0
BRDA:40,1,0,0
BRDA:40,1,1,0
BRDA:72,2,0,0
BRDA:72,2,1,0
BRDA:80,3,0,0
BRDA:80,3,1,0
BRDA:120,4,0,0
BRDA:120,4,1,0
BRDA:129,5,0,0
BRDA:129,5,1,0
BRDA:163,6,0,0
BRDA:163,6,1,0
BRDA:171,7,0,0
BRDA:171,7,1,0
BRDA:177,8,0,0
BRDA:177,8,1,0
BRDA:181,9,0,0
BRDA:181,9,1,0
BRDA:213,10,0,0
BRDA:213,10,1,0
BRDA:221,11,0,0
BRDA:221,11,1,0
BRDA:253,12,0,0
BRDA:253,12,1,0
BRDA:261,13,0,0
BRDA:261,13,1,0
BRF:28
BRH:0
end_of_record
TN:
SF:routes\admin.routes.js
FNF:0
FNH:0
DA:22,1
DA:27,1
DA:36,1
DA:42,1
DA:47,1
DA:57,1
DA:61,1
DA:65,1
DA:69,1
DA:73,1
DA:77,1
DA:86,1
DA:95,1
DA:100,1
DA:105,1
DA:110,1
DA:115,1
DA:121,1
DA:127,1
DA:136,1
DA:140,1
DA:144,1
DA:149,1
DA:154,1
DA:159,1
DA:164,1
DA:173,1
DA:177,1
DA:185,1
DA:190,1
DA:194,1
DA:199,1
DA:204,1
DA:214,1
DA:219,1
DA:223,1
DA:229,1
DA:235,1
DA:240,1
DA:245,1
DA:254,1
DA:259,1
DA:263,1
DA:268,1
DA:271,1
DA:284,1
LF:46
LH:46
BRF:0
BRH:0
end_of_record
TN:
SF:routes\auth.routes.js
FNF:0
FNH:0
DA:26,1
DA:31,1
DA:44,1
DA:53,1
DA:74,1
DA:91,1
DA:107,1
DA:121,1
DA:136,1
DA:144,1
LF:10
LH:10
BRF:0
BRH:0
end_of_record
TN:
SF:routes\cliente.routes.js
FNF:0
FNH:0
DA:24,1
DA:29,1
DA:39,1
DA:44,1
DA:53,1
DA:58,1
DA:63,1
DA:68,1
DA:80,1
DA:86,1
DA:91,1
DA:97,1
DA:102,1
DA:114,1
DA:121,1
DA:128,1
DA:134,1
DA:140,1
DA:158,1
DA:164,1
DA:171,1
DA:179,1
DA:189,1
LF:23
LH:23
BRF:0
BRH:0
end_of_record
TN:
SF:routes\comentarios.routes.js
FNF:0
FNH:0
DA:16,1
DA:17,1
DA:30,1
DA:33,1
DA:34,1
DA:45,1
DA:51,1
DA:57,1
DA:68,1
DA:79,1
DA:85,1
DA:91,1
DA:98,1
DA:104,1
DA:106,1
LF:15
LH:15
BRF:0
BRH:0
end_of_record
TN:
SF:routes\facturas.routes.js
FNF:0
FNH:0
DA:10,1
DA:11,1
DA:14,1
DA:17,1
DA:18,1
DA:31,1
DA:37,1
DA:44,1
DA:50,1
DA:63,1
DA:69,1
DA:75,1
DA:82,1
DA:84,1
LF:14
LH:14
BRF:0
BRH:0
end_of_record
